<?xml version="1.0" encoding="UTF-8"?>
<!-- Generated by org.testng.reporters.JUnitReportReporter -->
<testsuite skipped="0" hostname="DESKTOP-OPNNFTC" name="com.restassuredapi.basics.DynamicJsonProgramm" tests="1" failures="0" timestamp="2020-04-10T14:29:40 IST" time="10.079" errors="0">
  <testcase name="addBook" time="10.079" classname="com.restassuredapi.basics.DynamicJsonProgramm"/>
</testsuite> <!-- com.restassuredapi.basics.DynamicJsonProgramm -->
